<?xml version="1.0" encoding="UTF-8"?>
<testng-results ignored="0" total="3" passed="3" failed="0" skipped="0">
  <reporter-output>
  </reporter-output>
  <suite started-at="2025-07-22T07:36:41Z" name="Default suite" finished-at="2025-07-22T07:36:41Z" duration-ms="26">
    <groups>
    </groups>
    <test started-at="2025-07-22T07:36:41Z" name="Default test" finished-at="2025-07-22T07:36:41Z" duration-ms="26">
      <class name="DataProvider.DataProviderExample">
        <test-method signature="testMethod(java.lang.String)[pri:0, instance:DataProvider.DataProviderExample@723ca036]" started-at="2025-07-22T07:36:41Z" name="testMethod" data-provider="data-provider" finished-at="2025-07-22T07:36:41Z" duration-ms="8" status="PASS">
          <params>
            <param index="0">
              <value>
                <![CDATA[data one]]>
              </value>
            </param>
          </params>
          <reporter-output>
          </reporter-output>
        </test-method> <!-- testMethod -->
        <test-method signature="testMethod(java.lang.String)[pri:0, instance:DataProvider.DataProviderExample@723ca036]" started-at="2025-07-22T07:36:41Z" name="testMethod" data-provider="data-provider" finished-at="2025-07-22T07:36:41Z" duration-ms="1" status="PASS">
          <params>
            <param index="0">
              <value>
                <![CDATA[data two]]>
              </value>
            </param>
          </params>
          <reporter-output>
          </reporter-output>
        </test-method> <!-- testMethod -->
        <test-method signature="testMethod(java.lang.String)[pri:0, instance:DataProvider.DataProviderExample@723ca036]" started-at="2025-07-22T07:36:41Z" name="testMethod" data-provider="data-provider" finished-at="2025-07-22T07:36:41Z" duration-ms="0" status="PASS">
          <params>
            <param index="0">
              <value>
                <![CDATA[data three]]>
              </value>
            </param>
          </params>
          <reporter-output>
          </reporter-output>
        </test-method> <!-- testMethod -->
      </class> <!-- DataProvider.DataProviderExample -->
    </test> <!-- Default test -->
  </suite> <!-- Default suite -->
</testng-results>
