<?xml version="1.0" encoding="UTF-8"?>
<!-- Generated by org.testng.reporters.JUnitXMLReporter -->
<testsuite ignored="0" hostname="DESKTOP-VP8EOC3" failures="0" tests="3" name="Default test" time="0.026" errors="0" timestamp="22 Jul 2025 07:36:41 GMT">
  <testcase classname="DataProvider.DataProviderExample" name="testMethod" time="0.008"/>
  <testcase classname="DataProvider.DataProviderExample" name="testMethod" time="0.001"/>
  <testcase classname="DataProvider.DataProviderExample" name="testMethod" time="0.0"/>
</testsuite> <!-- Default test -->
